2022-04-27 09:48:53,684:INFO:PyCaret NLP Module
2022-04-27 09:48:53,684:INFO:version 2.3.5
2022-04-27 09:48:53,684:INFO:Initializing setup()
2022-04-27 09:48:53,684:INFO:USI: f64f
2022-04-27 09:48:53,685:INFO:setup(data=(25920, 9), target=Operación, custom_stopwords=None, html=True, session_id=123, log_experiment=False,
                    experiment_name=None, log_plots=False, log_data=False, verbose=True)
2022-04-27 09:48:53,685:INFO:Checking environment
2022-04-27 09:48:53,685:INFO:python_version: 3.8.8
2022-04-27 09:48:53,685:INFO:python_build: ('default', 'Apr 13 2021 15:08:03')
2022-04-27 09:48:53,685:INFO:machine: AMD64
2022-04-27 09:48:53,685:INFO:platform: Windows-10-10.0.19041-SP0
2022-04-27 09:48:53,752:INFO:Memory: svmem(total=8425529344, available=1408143360, percent=83.3, used=7017385984, free=1408143360)
2022-04-27 09:48:53,752:INFO:Physical Core: 4
2022-04-27 09:48:53,753:INFO:Logical Core: 8
2022-04-27 09:48:53,753:INFO:Checking libraries
2022-04-27 09:48:53,753:INFO:pd==1.2.4
2022-04-27 09:48:53,753:INFO:numpy==1.19.5
2022-04-27 09:48:54,521:INFO:gensim==3.8.3
2022-04-27 09:48:56,941:INFO:spacy==2.3.7
2022-04-27 09:49:01,159:INFO:nltk==3.6.1
2022-04-27 09:49:01,251:INFO:textblob==0.17.1
2022-04-27 09:49:01,797:INFO:pyLDAvis==3.2.2
2022-04-27 09:49:01,852:INFO:wordcloud==1.8.1
2022-04-27 09:49:05,255:INFO:mlflow==1.22.0
2022-04-27 09:49:05,259:INFO:Checking Exceptions
2022-04-27 09:49:06,025:INFO:Preloading libraries
2022-04-27 09:49:06,025:INFO:Preparing display monitor
2022-04-27 09:49:06,038:INFO:Importing libraries
2022-04-27 09:49:06,038:INFO:Declaring global variables
2022-04-27 09:49:06,038:INFO:Input provided : dataframe
2022-04-27 09:49:06,038:INFO:session_id set to : 123
2022-04-27 09:49:06,039:INFO:Copying training dataset
2022-04-27 09:49:06,042:INFO:Importing stopwords from nltk
2022-04-27 09:49:06,296:INFO:No custom stopwords defined
2022-04-27 09:49:06,296:INFO:Removing numeric characters from the text
2022-04-27 09:49:06,450:INFO:Removing special characters from the text
2022-04-27 09:49:07,200:INFO:Tokenizing Words
2022-04-27 09:49:08,401:INFO:Removing stopwords
2022-04-27 09:49:09,714:INFO:Extracting Bigrams
2022-04-27 09:49:12,824:INFO:Extracting Trigrams
2022-04-27 09:49:18,198:INFO:Lemmatizing tokens
2022-04-27 09:50:46,986:INFO:Removing stopwords after lemmatizing
2022-04-27 09:50:47,874:INFO:Creating corpus and dictionary
2022-04-27 09:50:48,740:INFO:Compiling processed text
2022-04-27 09:50:48,757:INFO:Compiling information grid
2022-04-27 09:50:48,815:INFO:setup() succesfully completed......................................
2022-04-27 09:50:48,829:INFO:Initializing create_model()
2022-04-27 09:50:48,829:INFO:create_model(model=lda, multi_core=True, num_topics=2, verbose=True, system=True)
2022-04-27 09:50:48,829:INFO:Checking exceptions
2022-04-27 09:50:48,830:INFO:Preloading libraries
2022-04-27 09:50:48,830:INFO:Preparing display monitor
2022-04-27 09:50:48,851:INFO:Defining topic model
2022-04-27 09:50:48,851:INFO:Model: Latent Dirichlet Allocation
2022-04-27 09:50:48,851:INFO:Defining num_topics parameter
2022-04-27 09:50:48,852:INFO:num_topics set to: 2
2022-04-27 09:50:48,858:INFO:LDA multi_core enabled
2022-04-27 09:50:48,859:INFO:LdaMulticore imported successfully
2022-04-27 09:51:32,991:INFO:LdaMulticore trained successfully
2022-04-27 09:51:32,994:INFO:LdaModel(num_terms=2780, num_topics=2, decay=0.5, chunksize=100)
2022-04-27 09:51:32,994:INFO:create_model() succesfully completed......................................
